2022-07-09 22:06:49,042 INFO o.a.j.u.JMeterUtils: Setting Locale to en_US
2022-07-09 22:06:49,058 INFO o.a.j.JMeter: Loading user properties from: user.properties
2022-07-09 22:06:49,058 INFO o.a.j.JMeter: Loading system properties from: system.properties
2022-07-09 22:06:49,074 INFO o.a.j.JMeter: Copyright (c) 1998-2022 The Apache Software Foundation
2022-07-09 22:06:49,074 INFO o.a.j.JMeter: Version 5.5
2022-07-09 22:06:49,074 INFO o.a.j.JMeter: java.version=17.0.3.1
2022-07-09 22:06:49,074 INFO o.a.j.JMeter: java.vm.name=Java HotSpot(TM) 64-Bit Server VM
2022-07-09 22:06:49,074 INFO o.a.j.JMeter: os.name=Windows 10
2022-07-09 22:06:49,074 INFO o.a.j.JMeter: os.arch=amd64
2022-07-09 22:06:49,074 INFO o.a.j.JMeter: os.version=10.0
2022-07-09 22:06:49,074 INFO o.a.j.JMeter: file.encoding=Cp1252
2022-07-09 22:06:49,074 INFO o.a.j.JMeter: java.awt.headless=null
2022-07-09 22:06:49,074 INFO o.a.j.JMeter: Max memory     =1012924416
2022-07-09 22:06:49,074 INFO o.a.j.JMeter: Available Processors =4
2022-07-09 22:06:49,089 INFO o.a.j.JMeter: Default Locale=English (United States)
2022-07-09 22:06:49,089 INFO o.a.j.JMeter: JMeter  Locale=English (United States)
2022-07-09 22:06:49,089 INFO o.a.j.JMeter: JMeterHome=C:\Users\DELL\JMeter
2022-07-09 22:06:49,089 INFO o.a.j.JMeter: user.dir  =C:\Users\DELL\JMeter\bin
2022-07-09 22:06:49,089 INFO o.a.j.JMeter: PWD       =C:\Users\DELL\JMeter\bin
2022-07-09 22:06:49,089 INFO o.a.j.JMeter: IP: 192.168.8.187 Name: DESKTOP-I4T3R7U FullName: DESKTOP-I4T3R7U
2022-07-09 22:06:49,089 INFO o.a.j.JMeter: Loaded icon properties from org/apache/jmeter/images/icon.properties
2022-07-09 22:06:49,290 INFO o.a.j.JMeterGuiLauncher: Setting LAF to: laf:com.sun.java.swing.plaf.windows.WindowsLookAndFeel
2022-07-09 22:07:04,313 INFO o.a.j.p.h.s.HTTPSamplerBase: Parser for text/html is org.apache.jmeter.protocol.http.parser.LagartoBasedHtmlParser
2022-07-09 22:07:04,313 INFO o.a.j.p.h.s.HTTPSamplerBase: Parser for application/xhtml+xml is org.apache.jmeter.protocol.http.parser.LagartoBasedHtmlParser
2022-07-09 22:07:04,313 INFO o.a.j.p.h.s.HTTPSamplerBase: Parser for application/xml is org.apache.jmeter.protocol.http.parser.LagartoBasedHtmlParser
2022-07-09 22:07:04,313 INFO o.a.j.p.h.s.HTTPSamplerBase: Parser for text/xml is org.apache.jmeter.protocol.http.parser.LagartoBasedHtmlParser
2022-07-09 22:07:04,313 INFO o.a.j.p.h.s.HTTPSamplerBase: Parser for text/vnd.wap.wml is org.apache.jmeter.protocol.http.parser.RegexpHTMLParser
2022-07-09 22:07:04,313 INFO o.a.j.p.h.s.HTTPSamplerBase: Parser for text/css is org.apache.jmeter.protocol.http.parser.CssParser
2022-07-09 22:07:18,423 INFO o.a.j.s.SampleResult: Note: Sample TimeStamps are START times
2022-07-09 22:07:18,423 INFO o.a.j.s.SampleResult: sampleresult.default.encoding is set to ISO-8859-1
2022-07-09 22:07:18,423 INFO o.a.j.s.SampleResult: sampleresult.useNanoTime=true
2022-07-09 22:07:18,423 INFO o.a.j.s.SampleResult: sampleresult.nanoThreadSleep=5000
2022-07-09 22:07:18,664 INFO o.a.j.v.ViewResultsFullVisualizer: Add JavaFX to your Java installation if you want to use renderer: org.apache.jmeter.visualizers.RenderInBrowser
2022-07-09 22:11:25,535 INFO o.a.j.s.FileServer: Default base='C:\Users\DELL\JMeter\bin'
2022-07-09 22:11:25,535 INFO o.a.j.s.FileServer: Set new base='C:\Users\DELL\JMeter\bin\PetStoreFlow'
2022-07-09 22:11:25,925 INFO o.a.j.s.SaveService: Testplan (JMX) version: 2.2. Testlog (JTL) version: 2.2
2022-07-09 22:11:25,988 INFO o.a.j.s.SaveService: Using SaveService properties version 5.0
2022-07-09 22:11:26,003 INFO o.a.j.s.SaveService: Using SaveService properties file encoding UTF-8
2022-07-09 22:11:26,035 INFO o.a.j.e.StandardJMeterEngine: Running the test!
2022-07-09 22:11:26,035 INFO o.a.j.s.SampleEvent: List of sample_variables: []
2022-07-09 22:11:26,035 INFO o.a.j.s.SampleEvent: List of sample_variables: []
2022-07-09 22:11:26,035 INFO o.a.j.e.u.CompoundVariable: Note: Function class names must contain the string: '.functions.'
2022-07-09 22:11:26,035 INFO o.a.j.e.u.CompoundVariable: Note: Function class names must not contain the string: '.gui.'
2022-07-09 22:11:26,144 INFO o.a.j.g.u.JMeterMenuBar: setRunning(true, *local*)
2022-07-09 22:11:26,173 INFO o.a.j.e.StandardJMeterEngine: Starting ThreadGroup: 1 : Thread Group
2022-07-09 22:11:26,173 INFO o.a.j.e.StandardJMeterEngine: Starting 1 threads for group Thread Group.
2022-07-09 22:11:26,173 INFO o.a.j.e.StandardJMeterEngine: Thread will continue on error
2022-07-09 22:11:26,173 INFO o.a.j.t.ThreadGroup: Starting thread group... number=1 threads=1 ramp-up=1 delayedStart=false
2022-07-09 22:11:26,188 INFO o.a.j.t.ThreadGroup: Started thread group number 1
2022-07-09 22:11:26,188 INFO o.a.j.e.StandardJMeterEngine: All thread groups have been started
2022-07-09 22:11:26,188 INFO o.a.j.t.JMeterThread: Thread started: Thread Group 1-1
2022-07-09 22:11:26,251 INFO o.a.j.p.h.s.HTTPHCAbstractImpl: Local host = DESKTOP-I4T3R7U
2022-07-09 22:11:26,266 INFO o.a.j.p.h.s.HTTPHC4Impl: HTTP request retry count = 0
2022-07-09 22:11:26,933 INFO o.a.j.p.h.s.h.LazyLayeredConnectionSocketFactory: Setting up HTTPS TrustAll Socket Factory
2022-07-09 22:11:26,936 INFO o.a.j.u.JsseSSLManager: Using default SSL protocol: TLS
2022-07-09 22:11:26,936 INFO o.a.j.u.JsseSSLManager: SSL session context: per-thread
2022-07-09 22:11:27,624 INFO o.a.j.u.SSLManager: JmeterKeyStore Location:  type JKS
2022-07-09 22:11:27,624 INFO o.a.j.u.SSLManager: KeyStore created OK
2022-07-09 22:11:27,624 WARN o.a.j.u.SSLManager: Keystore file not found, loading empty keystore
2022-07-09 22:11:29,202 INFO o.a.j.t.JMeterThread: Thread is done: Thread Group 1-1
2022-07-09 22:11:29,202 INFO o.a.j.t.JMeterThread: Thread finished: Thread Group 1-1
2022-07-09 22:11:29,202 INFO o.a.j.e.StandardJMeterEngine: Notifying test listeners of end of test
2022-07-09 22:11:29,202 INFO o.a.j.g.u.JMeterMenuBar: setRunning(false, *local*)
